#
# There is insufficient memory for the Java Runtime Environment to continue.
# Native memory allocation (malloc) failed to allocate 1012336 bytes for Chunk::new
# Possible reasons:
#   The system is out of physical RAM or swap space
#   In 32 bit mode, the process size limit was hit
# Possible solutions:
#   Reduce memory load on the system
#   Increase physical memory or swap space
#   Check if swap backing store is full
#   Use 64 bit Java on a 64 bit OS
#   Decrease Java heap size (-Xmx/-Xms)
#   Decrease number of Java threads
#   Decrease Java thread stack sizes (-Xss)
#   Set larger code cache with -XX:ReservedCodeCacheSize=
# This output file may be truncated or incomplete.
#
#  Out of Memory Error (allocation.cpp:390), pid=12404, tid=0x0000000000000468
#
# JRE version: Java(TM) SE Runtime Environment (8.0_151-b12) (build 1.8.0_151-b12)
# Java VM: Java HotSpot(TM) 64-Bit Server VM (25.151-b12 mixed mode windows-amd64 compressed oops)
# Failed to write core dump. Minidumps are not enabled by default on client versions of Windows
#

---------------  T H R E A D  ---------------

Current thread (0x0000000016655000):  JavaThread "C2 CompilerThread0" daemon [_thread_in_native, id=1128, stack(0x0000000017f90000,0x0000000018090000)]

Stack: [0x0000000017f90000,0x0000000018090000]
[error occurred during error reporting (printing stack bounds), id 0xc0000005]

Native frames: (J=compiled Java code, j=interpreted, Vv=VM code, C=native code)


Current CompileTask:
C2:  46515 15212 %     4       com.android.tools.r8.B.a.a.f::a @ 2576 (6094 bytes)


---------------  P R O C E S S  ---------------

Java Threads: ( => current thread )
  0x000000001ad89800 JavaThread "Cache worker for Java compile cache (D:\adproject\Hexin\.gradle\6.1.1\javaCompile)" [_thread_blocked, id=7724, stack(0x0000000029140000,0x0000000029240000)]
  0x000000001ad81800 JavaThread "Cache worker for Java compile cache (C:\Users\23224\.gradle\caches\6.1.1\javaCompile)" [_thread_blocked, id=12836, stack(0x00000000250b0000,0x00000000251b0000)]
  0x000000001ad8f000 JavaThread "RMI TCP Connection(1)-127.0.0.1" daemon [_thread_in_native, id=6116, stack(0x0000000029040000,0x0000000029140000)]
  0x000000001ad8b000 JavaThread "RMI Reaper" [_thread_blocked, id=10956, stack(0x0000000028d40000,0x0000000028e40000)]
  0x000000001ad82000 JavaThread "RMI TCP Accept-0" daemon [_thread_in_native, id=1404, stack(0x0000000028c40000,0x0000000028d40000)]
  0x000000001ad89000 JavaThread "GC Daemon" daemon [_thread_blocked, id=4684, stack(0x0000000028b40000,0x0000000028c40000)]
  0x000000001ad87800 JavaThread "RMI Scheduler(0)" daemon [_thread_blocked, id=2212, stack(0x0000000024bf0000,0x0000000024cf0000)]
  0x000000001ad85000 JavaThread "stdout" [_thread_in_native, id=1388, stack(0x00000000252d0000,0x00000000253d0000)]
  0x000000001ad86000 JavaThread "stderr" [_thread_in_native, id=12632, stack(0x00000000251d0000,0x00000000252d0000)]
  0x000000001ad84800 JavaThread "WorkerExecutor Queue Thread 4" [_thread_blocked, id=11280, stack(0x0000000024af0000,0x0000000024bf0000)]
  0x000000001ad88000 JavaThread "WorkerExecutor Queue Thread 3" [_thread_blocked, id=4184, stack(0x0000000024fb0000,0x00000000250b0000)]
  0x000000001ad83800 JavaThread "WorkerExecutor Queue Thread 2" [_thread_blocked, id=12928, stack(0x0000000024eb0000,0x0000000024fb0000)]
  0x000000001ad83000 JavaThread "WorkerExecutor Queue" [_thread_in_native, id=11452, stack(0x0000000024db0000,0x0000000024eb0000)]
  0x000000001f860000 JavaThread "stdout" [_thread_in_native, id=880, stack(0x00000000247f0000,0x00000000248f0000)]
  0x000000001f85f000 JavaThread "stderr" [_thread_in_native, id=2568, stack(0x00000000246f0000,0x00000000247f0000)]
  0x000000001f85e800 JavaThread "stdout" [_thread_in_native, id=7676, stack(0x00000000245f0000,0x00000000246f0000)]
  0x000000001f857000 JavaThread "stderr" [_thread_in_native, id=9320, stack(0x00000000244f0000,0x00000000245f0000)]
  0x000000001f85d000 JavaThread "stdout" [_thread_in_native, id=11356, stack(0x00000000243f0000,0x00000000244f0000)]
  0x000000001f85a000 JavaThread "stderr" [_thread_in_native, id=3564, stack(0x00000000241f0000,0x00000000242f0000)]
  0x000000001f85c000 JavaThread "pool-4-thread-1" [_thread_blocked, id=13832, stack(0x00000000242f0000,0x00000000243f0000)]
  0x000000001f859000 JavaThread "Cache worker for execution history cache (D:\adproject\Hexin\.gradle\6.1.1\executionHistory)" [_thread_blocked, id=6448, stack(0x00000000240f0000,0x00000000241f0000)]
  0x000000001f85b800 JavaThread "Execution worker for ':' Thread 3" [_thread_blocked, id=4064, stack(0x0000000023df0000,0x0000000023ef0000)]
  0x000000001f858800 JavaThread "Execution worker for ':' Thread 2" [_thread_in_Java, id=7416, stack(0x0000000023cf0000,0x0000000023df0000)]
  0x000000001f85d800 JavaThread "Execution worker for ':'" [_thread_in_native, id=3264, stack(0x0000000023bf0000,0x0000000023cf0000)]
  0x000000001f857800 JavaThread "Cache worker for file content cache (D:\adproject\Hexin\.gradle\6.1.1\fileContent)" [_thread_blocked, id=9696, stack(0x00000000231f0000,0x00000000232f0000)]
  0x000000001f85a800 JavaThread "Cache worker for file content cache (C:\Users\23224\.gradle\caches\6.1.1\fileContent)" [_thread_blocked, id=5204, stack(0x00000000230f0000,0x00000000231f0000)]
  0x000000001f852800 JavaThread "Memory manager" [_thread_blocked, id=6200, stack(0x0000000022ff0000,0x00000000230f0000)]
  0x000000001f856000 JavaThread "Cache worker for Build Output Cleanup Cache (D:\adproject\Hexin\.gradle\buildOutputCleanup)" [_thread_blocked, id=8340, stack(0x0000000021ce0000,0x0000000021de0000)]
  0x000000001f854000 JavaThread "Build operations Thread 4" [_thread_blocked, id=13928, stack(0x00000000219e0000,0x0000000021ae0000)]
  0x000000001f854800 JavaThread "Build operations Thread 3" [_thread_blocked, id=13408, stack(0x00000000218e0000,0x00000000219e0000)]
  0x000000001f855800 JavaThread "Build operations Thread 2" [_thread_blocked, id=14292, stack(0x00000000217e0000,0x00000000218e0000)]
  0x000000001f853000 JavaThread "Build operations" [_thread_blocked, id=13560, stack(0x00000000216e0000,0x00000000217e0000)]
  0x000000001a1fa000 JavaThread "Cache worker for execution history cache (C:\Users\23224\.gradle\caches\6.1.1\executionHistory)" [_thread_blocked, id=5428, stack(0x000000001fc10000,0x000000001fd10000)]
  0x000000001a1f8800 JavaThread "Cache worker for cache directory md-rule (C:\Users\23224\.gradle\caches\6.1.1\md-rule)" [_thread_blocked, id=13792, stack(0x000000001e860000,0x000000001e960000)]
  0x000000001a1fb800 JavaThread "Cache worker for cache directory md-supplier (C:\Users\23224\.gradle\caches\6.1.1\md-supplier)" [_thread_blocked, id=13640, stack(0x000000001e480000,0x000000001e580000)]
  0x000000001a1f9800 JavaThread "Cache worker for file hash cache (D:\adproject\Hexin\.gradle\6.1.1\fileHashes)" [_thread_blocked, id=2036, stack(0x000000001e760000,0x000000001e860000)]
  0x000000001a1fd000 JavaThread "Cache worker for checksums cache (D:\adproject\Hexin\.gradle\checksums)" [_thread_blocked, id=13660, stack(0x000000001e660000,0x000000001e760000)]
  0x000000001a1fb000 JavaThread "Cache worker for file hash cache (C:\Users\23224\.gradle\caches\6.1.1\fileHashes)" [_thread_blocked, id=8416, stack(0x000000001bee0000,0x000000001bfe0000)]
  0x000000001a1f8000 JavaThread "File lock request listener" [_thread_in_native, id=13528, stack(0x000000001bde0000,0x000000001bee0000)]
  0x000000001a1f7000 JavaThread "Cache worker for journal cache (C:\Users\23224\.gradle\caches\journal-1)" [_thread_blocked, id=4468, stack(0x000000001bce0000,0x000000001bde0000)]
  0x000000001a14c800 JavaThread "Thread-9" [_thread_blocked, id=2072, stack(0x000000001b9e0000,0x000000001bae0000)]
  0x000000001a14a000 JavaThread "Stdin handler" [_thread_blocked, id=2456, stack(0x000000001b8e0000,0x000000001b9e0000)]
  0x0000000019c4d800 JavaThread "Asynchronous log dispatcher for DefaultDaemonConnection: socket connection from /127.0.0.1:53340 to /127.0.0.1:53341" [_thread_blocked, id=2496, stack(0x000000001b7e0000,0x000000001b8e0000)]
  0x0000000019c4a800 JavaThread "Daemon worker" [_thread_blocked, id=10324, stack(0x000000001b6e0000,0x000000001b7e0000)]
  0x0000000019c5e000 JavaThread "Cancel handler" [_thread_blocked, id=11804, stack(0x000000001b5e0000,0x000000001b6e0000)]
  0x000000001a0ae000 JavaThread "Handler for socket connection from /127.0.0.1:53340 to /127.0.0.1:53341" [_thread_in_native, id=2668, stack(0x000000001b2e0000,0x000000001b3e0000)]
  0x000000001a0ac800 JavaThread "Daemon" [_thread_blocked, id=10600, stack(0x000000001b1e0000,0x000000001b2e0000)]
  0x000000001a0ad000 JavaThread "Daemon periodic checks" [_thread_blocked, id=10768, stack(0x000000001b0e0000,0x000000001b1e0000)]
  0x0000000019c2f800 JavaThread "Incoming local TCP Connector on port 53340" [_thread_in_native, id=13556, stack(0x0000000019f60000,0x000000001a060000)]
  0x0000000019bee800 JavaThread "Daemon health stats" [_thread_blocked, id=6900, stack(0x0000000019c60000,0x0000000019d60000)]
  0x0000000017a16000 JavaThread "Service Thread" daemon [_thread_blocked, id=4292, stack(0x0000000018290000,0x0000000018390000)]
  0x0000000016666000 JavaThread "C1 CompilerThread2" daemon [_thread_in_vm, id=11960, stack(0x0000000018190000,0x0000000018290000)]
  0x0000000016657800 JavaThread "C2 CompilerThread1" daemon [_thread_in_native, id=480, stack(0x0000000018090000,0x0000000018190000)]
=>0x0000000016655000 JavaThread "C2 CompilerThread0" daemon [_thread_in_native, id=1128, stack(0x0000000017f90000,0x0000000018090000)]
  0x0000000016642800 JavaThread "Attach Listener" daemon [_thread_blocked, id=8724, stack(0x0000000017e90000,0x0000000017f90000)]
  0x0000000016642000 JavaThread "Signal Dispatcher" daemon [_thread_blocked, id=792, stack(0x0000000017d90000,0x0000000017e90000)]
  0x000000001661a800 JavaThread "Finalizer" daemon [_thread_blocked, id=13532, stack(0x0000000017890000,0x0000000017990000)]
  0x0000000002cb3800 JavaThread "Reference Handler" daemon [_thread_blocked, id=12440, stack(0x0000000017790000,0x0000000017890000)]
  0x0000000002bc3000 JavaThread "main" [_thread_blocked, id=9956, stack(0x0000000002ac0000,0x0000000002bc0000)]

Other Threads:
  0x00000000165f7800 VMThread [stack: 0x0000000017690000,0x0000000017790000] [id=12452]
  0x0000000017a79000 WatcherThread [stack: 0x0000000018390000,0x0000000018490000] [id=844]

VM state:not at safepoint (normal execution)

VM Mutex/Monitor currently owned by a thread:  ([mutex/lock_event])
[0x0000000002bc15d0] CompiledIC_lock - owner thread: 0x0000000016666000

Heap:
 PSYoungGen      total 404480K, used 236249K [0x00000000e0000000, 0x00000000fa880000, 0x0000000100000000)
  eden space 379392K, 56% used [0x00000000e0000000,0x00000000ed042b08,0x00000000f7280000)
  from space 25088K, 91% used [0x00000000f8d80000,0x00000000fa3f3b80,0x00000000fa600000)
  to   space 27648K, 0% used [0x00000000f7280000,0x00000000f7280000,0x00000000f8d80000)
 ParOldGen       total 166400K, used 53511K [0x00000000a0000000, 0x00000000aa280000, 0x00000000e0000000)
  object space 166400K, 32% used [0x00000000a0000000,0x00000000a3441c60,0x00000000aa280000)
 Metaspace       used 93183K, capacity 97060K, committed 97280K, reserved 1132544K
  class space    used 12698K, capacity 13455K, committed 13568K, reserved 1048576K

Card table byte_map: [0x0000000012080000,0x0000000012390000] byte_map_base: 0x0000000011b80000

Marking Bits: (ParMarkBitMap*) 0x0000000073bbd850
 Begin Bits: [0x0000000012990000, 0x0000000014190000)
 End Bits:   [0x0000000014190000, 0x0000000015990000)

Polling page: 0x0000000000dc0000

CodeCache: size=245760Kb used=43340Kb max_used=43388Kb free=202419Kb
 bounds [0x0000000002cc0000, 0x0000000005750000, 0x0000000011cc0000]
 total_blobs=13963 nmethods=13018 adapters=854
 compilation: disabled (not enough contiguous free space left)

Compilation events (10 events):
Event: 46.510 Thread 0x0000000016666000 nmethod 15357 0x000000000574a750 code [0x000000000574a8c0, 0x000000000574aaf0]
Event: 46.510 Thread 0x0000000016666000 15358       3       com.android.tools.r8.graph.s0::a (8 bytes)
Event: 46.510 Thread 0x0000000016666000 nmethod 15358 0x000000000574ac10 code [0x000000000574ad80, 0x000000000574aee8]
Event: 46.511 Thread 0x0000000016666000 15359       3       com.android.tools.r8.graph.s0$b::d (9 bytes)
Event: 46.511 Thread 0x0000000016666000 nmethod 15359 0x000000000574af90 code [0x000000000574b0e0, 0x000000000574b230]
Event: 46.512 Thread 0x0000000016666000 15360       3       com.android.tools.r8.graph.s0$a::<init> (34 bytes)
Event: 46.512 Thread 0x0000000016666000 nmethod 15360 0x000000000574b2d0 code [0x000000000574b460, 0x000000000574b8c8]
Event: 46.512 Thread 0x0000000016666000 15361       3       com.android.tools.r8.B.a.a.a::<init> (7 bytes)
Event: 46.512 Thread 0x0000000016666000 nmethod 15361 0x000000000574bb10 code [0x000000000574bc80, 0x000000000574be08]
Event: 46.512 Thread 0x0000000016666000 15362       3       com.android.tools.r8.B.a.a.a::<init> (59 bytes)

GC Heap History (10 events):
Event: 15.557 GC heap before
{Heap before GC invocations=13 (full 3):
 PSYoungGen      total 241664K, used 227328K [0x00000000e0000000, 0x00000000f2b80000, 0x0000000100000000)
  eden space 227328K, 100% used [0x00000000e0000000,0x00000000ede00000,0x00000000ede00000)
  from space 14336K, 0% used [0x00000000ede00000,0x00000000ede00000,0x00000000eec00000)
  to   space 20480K, 0% used [0x00000000f1780000,0x00000000f1780000,0x00000000f2b80000)
 ParOldGen       total 166400K, used 37616K [0x00000000a0000000, 0x00000000aa280000, 0x00000000e0000000)
  object space 166400K, 22% used [0x00000000a0000000,0x00000000a24bc390,0x00000000aa280000)
 Metaspace       used 68077K, capacity 71070K, committed 71296K, reserved 1110016K
  class space    used 9473K, capacity 10088K, committed 10112K, reserved 1048576K
Event: 15.687 GC heap after
Heap after GC invocations=13 (full 3):
 PSYoungGen      total 283136K, used 20462K [0x00000000e0000000, 0x00000000f4e80000, 0x0000000100000000)
  eden space 262656K, 0% used [0x00000000e0000000,0x00000000e0000000,0x00000000f0080000)
  from space 20480K, 99% used [0x00000000f1780000,0x00000000f2b7bb28,0x00000000f2b80000)
  to   space 23552K, 0% used [0x00000000f0080000,0x00000000f0080000,0x00000000f1780000)
 ParOldGen       total 166400K, used 39496K [0x00000000a0000000, 0x00000000aa280000, 0x00000000e0000000)
  object space 166400K, 23% used [0x00000000a0000000,0x00000000a26923b0,0x00000000aa280000)
 Metaspace       used 68077K, capacity 71070K, committed 71296K, reserved 1110016K
  class space    used 9473K, capacity 10088K, committed 10112K, reserved 1048576K
}
Event: 22.602 GC heap before
{Heap before GC invocations=14 (full 3):
 PSYoungGen      total 283136K, used 282926K [0x00000000e0000000, 0x00000000f4e80000, 0x0000000100000000)
  eden space 262656K, 99% used [0x00000000e0000000,0x00000000f0050078,0x00000000f0080000)
  from space 20480K, 99% used [0x00000000f1780000,0x00000000f2b7bb28,0x00000000f2b80000)
  to   space 23552K, 0% used [0x00000000f0080000,0x00000000f0080000,0x00000000f1780000)
 ParOldGen       total 166400K, used 39496K [0x00000000a0000000, 0x00000000aa280000, 0x00000000e0000000)
  object space 166400K, 23% used [0x00000000a0000000,0x00000000a26923b0,0x00000000aa280000)
 Metaspace       used 71369K, capacity 74404K, committed 74752K, reserved 1114112K
  class space    used 9811K, capacity 10431K, committed 10496K, reserved 1048576K
Event: 22.621 GC heap after
Heap after GC invocations=14 (full 3):
 PSYoungGen      total 286208K, used 5545K [0x00000000e0000000, 0x00000000f7180000, 0x0000000100000000)
  eden space 262656K, 0% used [0x00000000e0000000,0x00000000e0000000,0x00000000f0080000)
  from space 23552K, 23% used [0x00000000f0080000,0x00000000f05ea690,0x00000000f1780000)
  to   space 23552K, 0% used [0x00000000f5a80000,0x00000000f5a80000,0x00000000f7180000)
 ParOldGen       total 166400K, used 53486K [0x00000000a0000000, 0x00000000aa280000, 0x00000000e0000000)
  object space 166400K, 32% used [0x00000000a0000000,0x00000000a343bbd0,0x00000000aa280000)
 Metaspace       used 71369K, capacity 74404K, committed 74752K, reserved 1114112K
  class space    used 9811K, capacity 10431K, committed 10496K, reserved 1048576K
}
Event: 27.976 GC heap before
{Heap before GC invocations=15 (full 3):
 PSYoungGen      total 286208K, used 268201K [0x00000000e0000000, 0x00000000f7180000, 0x0000000100000000)
  eden space 262656K, 100% used [0x00000000e0000000,0x00000000f0080000,0x00000000f0080000)
  from space 23552K, 23% used [0x00000000f0080000,0x00000000f05ea690,0x00000000f1780000)
  to   space 23552K, 0% used [0x00000000f5a80000,0x00000000f5a80000,0x00000000f7180000)
 ParOldGen       total 166400K, used 53486K [0x00000000a0000000, 0x00000000aa280000, 0x00000000e0000000)
  object space 166400K, 32% used [0x00000000a0000000,0x00000000a343bbd0,0x00000000aa280000)
 Metaspace       used 76972K, capacity 80266K, committed 80384K, reserved 1118208K
  class space    used 10509K, capacity 11184K, committed 11264K, reserved 1048576K
Event: 27.993 GC heap after
Heap after GC invocations=15 (full 3):
 PSYoungGen      total 343040K, used 21186K [0x00000000e0000000, 0x00000000f6f80000, 0x0000000100000000)
  eden space 321536K, 0% used [0x00000000e0000000,0x00000000e0000000,0x00000000f3a00000)
  from space 21504K, 98% used [0x00000000f5a80000,0x00000000f6f309b8,0x00000000f6f80000)
  to   space 26112K, 0% used [0x00000000f3c80000,0x00000000f3c80000,0x00000000f5600000)
 ParOldGen       total 166400K, used 53494K [0x00000000a0000000, 0x00000000aa280000, 0x00000000e0000000)
  object space 166400K, 32% used [0x00000000a0000000,0x00000000a343dbd0,0x00000000aa280000)
 Metaspace       used 76972K, capacity 80266K, committed 80384K, reserved 1118208K
  class space    used 10509K, capacity 11184K, committed 11264K, reserved 1048576K
}
Event: 41.182 GC heap before
{Heap before GC invocations=16 (full 3):
 PSYoungGen      total 343040K, used 342722K [0x00000000e0000000, 0x00000000f6f80000, 0x0000000100000000)
  eden space 321536K, 100% used [0x00000000e0000000,0x00000000f3a00000,0x00000000f3a00000)
  from space 21504K, 98% used [0x00000000f5a80000,0x00000000f6f309b8,0x00000000f6f80000)
  to   space 26112K, 0% used [0x00000000f3c80000,0x00000000f3c80000,0x00000000f5600000)
 ParOldGen       total 166400K, used 53494K [0x00000000a0000000, 0x00000000aa280000, 0x00000000e0000000)
  object space 166400K, 32% used [0x00000000a0000000,0x00000000a343dbd0,0x00000000aa280000)
 Metaspace       used 79277K, capacity 82592K, committed 82688K, reserved 1120256K
  class space    used 10821K, capacity 11517K, committed 11520K, reserved 1048576K
Event: 41.193 GC heap after
Heap after GC invocations=16 (full 3):
 PSYoungGen      total 350208K, used 11163K [0x00000000e0000000, 0x00000000fa600000, 0x0000000100000000)
  eden space 324096K, 0% used [0x00000000e0000000,0x00000000e0000000,0x00000000f3c80000)
  from space 26112K, 42% used [0x00000000f3c80000,0x00000000f4766e60,0x00000000f5600000)
  to   space 25088K, 0% used [0x00000000f8d80000,0x00000000f8d80000,0x00000000fa600000)
 ParOldGen       total 166400K, used 53502K [0x00000000a0000000, 0x00000000aa280000, 0x00000000e0000000)
  object space 166400K, 32% used [0x00000000a0000000,0x00000000a343fbd0,0x00000000aa280000)
 Metaspace       used 79277K, capacity 82592K, committed 82688K, reserved 1120256K
  class space    used 10821K, capacity 11517K, committed 11520K, reserved 1048576K
}
Event: 44.861 GC heap before
{Heap before GC invocations=17 (full 3):
 PSYoungGen      total 350208K, used 335259K [0x00000000e0000000, 0x00000000fa600000, 0x0000000100000000)
  eden space 324096K, 100% used [0x00000000e0000000,0x00000000f3c80000,0x00000000f3c80000)
  from space 26112K, 42% used [0x00000000f3c80000,0x00000000f4766e60,0x00000000f5600000)
  to   space 25088K, 0% used [0x00000000f8d80000,0x00000000f8d80000,0x00000000fa600000)
 ParOldGen       total 166400K, used 53503K [0x00000000a0000000, 0x00000000aa280000, 0x00000000e0000000)
  object space 166400K, 32% used [0x00000000a0000000,0x00000000a343fc60,0x00000000aa280000)
 Metaspace       used 85210K, capacity 88582K, committed 88832K, reserved 1126400K
  class space    used 11522K, capacity 12220K, committed 12288K, reserved 1048576K
Event: 44.888 GC heap after
Heap after GC invocations=17 (full 3):
 PSYoungGen      total 404480K, used 22990K [0x00000000e0000000, 0x00000000fa880000, 0x0000000100000000)
  eden space 379392K, 0% used [0x00000000e0000000,0x00000000e0000000,0x00000000f7280000)
  from space 25088K, 91% used [0x00000000f8d80000,0x00000000fa3f3b80,0x00000000fa600000)
  to   space 27648K, 0% used [0x00000000f7280000,0x00000000f7280000,0x00000000f8d80000)
 ParOldGen       total 166400K, used 53511K [0x00000000a0000000, 0x00000000aa280000, 0x00000000e0000000)
  object space 166400K, 32% used [0x00000000a0000000,0x00000000a3441c60,0x00000000aa280000)
 Metaspace       used 85210K, capacity 88582K, committed 88832K, reserved 1126400K
  class space    used 11522K, capacity 12220K, committed 12288K, reserved 1048576K
}

Deoptimization events (10 events):
Event: 46.468 Thread 0x000000001f85d800 Uncommon trap: reason=unstable_if action=reinterpret pc=0x00000000056c0838 method=com.android.tools.r8.ir.regalloc.LinearScanRegisterAllocator.a(I)I @ 12
Event: 46.477 Thread 0x000000001f85b800 Uncommon trap: reason=bimorphic action=maybe_recompile pc=0x0000000003f6abb8 method=java.util.Comparator.lambda$comparing$77a9974f$1(Ljava/util/function/Function;Ljava/lang/Object;Ljava/lang/Object;)I @ 17
Event: 46.478 Thread 0x000000001f85b800 Uncommon trap: reason=array_check action=maybe_recompile pc=0x00000000055eca14 method=java.util.TimSort.binarySort([Ljava/lang/Object;IIILjava/util/Comparator;)V @ 183
Event: 46.478 Thread 0x000000001f85b800 Uncommon trap: reason=predicate action=maybe_recompile pc=0x00000000055ed224 method=java.util.TimSort.reverseRange([Ljava/lang/Object;II)V @ 8
Event: 46.478 Thread 0x000000001f85b800 Uncommon trap: reason=bimorphic action=maybe_recompile pc=0x0000000003f6abb8 method=java.util.Comparator.lambda$comparing$77a9974f$1(Ljava/util/function/Function;Ljava/lang/Object;Ljava/lang/Object;)I @ 17
Event: 46.478 Thread 0x000000001f85b800 Uncommon trap: reason=bimorphic action=maybe_recompile pc=0x0000000003f6abb8 method=java.util.Comparator.lambda$comparing$77a9974f$1(Ljava/util/function/Function;Ljava/lang/Object;Ljava/lang/Object;)I @ 17
Event: 46.478 Thread 0x000000001f85b800 Uncommon trap: reason=bimorphic action=maybe_recompile pc=0x0000000003f6abb8 method=java.util.Comparator.lambda$comparing$77a9974f$1(Ljava/util/function/Function;Ljava/lang/Object;Ljava/lang/Object;)I @ 17
Event: 46.482 Thread 0x000000001f85b800 Uncommon trap: reason=unstable_if action=reinterpret pc=0x000000000564ee58 method=com.android.tools.r8.v.a.a.a.h.T0.a(Ljava/lang/Object;)I @ 52
Event: 46.496 Thread 0x000000001f85b800 Uncommon trap: reason=unstable_if action=reinterpret pc=0x00000000038c5e28 method=java.util.Arrays.equals([Ljava/lang/Object;[Ljava/lang/Object;)Z @ 47
Event: 46.506 Thread 0x000000001f858800 Uncommon trap: reason=bimorphic action=maybe_recompile pc=0x0000000004918824 method=java.util.stream.StreamOpFlag.fromCharacteristics(Ljava/util/Spliterator;)I @ 14

Internal exceptions (10 events):
Event: 45.646 Thread 0x000000001f85b800 Exception <a 'java/lang/NoSuchMethodError': java.lang.Object.lambda$static$0(Ljava/lang/String;)Z> (0x00000000e492c698) thrown at [C:\re\workspace\8-2-build-windows-amd64-cygwin\jdk8u151\9699\hotspot\src\share\vm\interpreter\linkResolver.cpp, line 618]
Event: 45.686 Thread 0x000000001f85b800 Exception <a 'sun/nio/fs/WindowsException'> (0x00000000e4bcbbb8) thrown at [C:\re\workspace\8-2-build-windows-amd64-cygwin\jdk8u151\9699\hotspot\src\share\vm\prims\jni.cpp, line 709]
Event: 45.952 Thread 0x0000000019c4a800 Exception <a 'java/lang/NoSuchMethodError': <clinit>> (0x00000000e70234f8) thrown at [C:\re\workspace\8-2-build-windows-amd64-cygwin\jdk8u151\9699\hotspot\src\share\vm\prims\jni.cpp, line 1613]
Event: 45.953 Thread 0x0000000019c4a800 Exception <a 'java/lang/NoSuchMethodError': <clinit>> (0x00000000e704a138) thrown at [C:\re\workspace\8-2-build-windows-amd64-cygwin\jdk8u151\9699\hotspot\src\share\vm\prims\jni.cpp, line 1613]
Event: 45.961 Thread 0x000000001ad83000 Exception <a 'sun/nio/fs/WindowsException'> (0x00000000e7739f48) thrown at [C:\re\workspace\8-2-build-windows-amd64-cygwin\jdk8u151\9699\hotspot\src\share\vm\prims\jni.cpp, line 709]
Event: 45.966 Thread 0x000000001ad83000 Exception <a 'java/lang/NoSuchMethodError': java.lang.Object.lambda$asRunnable$0(Lcom/android/tools/build/apkzlib/utils/IOExceptionRunnable;)V> (0x00000000e77edd78) thrown at [C:\re\workspace\8-2-build-windows-amd64-cygwin\jdk8u151\9699\hotspot\src\share\
Event: 46.018 Thread 0x000000001ad83000 Exception <a 'java/lang/NoSuchMethodError': java.lang.Object.newSystemTemporaryDirectory()Lcom/android/tools/build/apkzlib/bytestorage/TemporaryDirectory;> (0x00000000e8470748) thrown at [C:\re\workspace\8-2-build-windows-amd64-cygwin\jdk8u151\9699\hotspo
Event: 46.029 Thread 0x000000001f85b800 Exception <a 'java/lang/NoSuchMethodError': java.lang.Object.lambda$maxBy$1(Ljava/util/Comparator;Ljava/lang/Object;Ljava/lang/Object;)Ljava/lang/Object;> (0x00000000e877cbe0) thrown at [C:\re\workspace\8-2-build-windows-amd64-cygwin\jdk8u151\9699\hotspot
Event: 46.031 Thread 0x000000001f85d800 Exception <a 'sun/nio/fs/WindowsException'> (0x00000000e8855f38) thrown at [C:\re\workspace\8-2-build-windows-amd64-cygwin\jdk8u151\9699\hotspot\src\share\vm\prims\jni.cpp, line 709]
Event: 46.505 Thread 0x000000001f858800 Exception <a 'sun/nio/fs/WindowsException'> (0x00000000ecd6a160) thrown at [C:\re\workspace\8-2-build-windows-amd64-cygwin\jdk8u151\9699\hotspot\src\share\vm\prims\jni.cpp, line 709]

Events (10 events):
Event: 46.500 loading class com/android/tools/r8/v/a/a/a/h/P0$c done
Event: 46.500 loading class com/android/tools/r8/v/a/a/a/h/A
Event: 46.500 loading class com/android/tools/r8/v/a/a/a/h/A done
Event: 46.501 loading class com/android/tools/r8/v/a/a/a/h/P0$b
Event: 46.501 loading class com/android/tools/r8/v/a/a/a/h/P0$b done
Event: 46.501 loading class com/android/tools/r8/v/a/a/a/h/P0$f
Event: 46.501 loading class com/android/tools/r8/v/a/a/a/h/P0$f done
Event: 46.506 Thread 0x000000001f858800 Uncommon trap: trap_request=0xffffffc6 fr.pc=0x0000000004918824
Event: 46.506 Thread 0x000000001f858800 DEOPT PACKING pc=0x0000000004918824 sp=0x0000000023deb310
Event: 46.506 Thread 0x000000001f858800 DEOPT UNPACKING pc=0x0000000002d0582a sp=0x0000000023deb2b0 mode 2


Dynamic libraries:
0x00007ff7a14c0000 - 0x00007ff7a14f7000 	C:\Program Files\Java\jdk1.8.0_151\bin\java.exe
0x00007ffbe22f0000 - 0x00007ffbe24e5000 	C:\WINDOWS\SYSTEM32\ntdll.dll
0x00007ffbe1390000 - 0x00007ffbe144d000 	C:\WINDOWS\System32\KERNEL32.DLL
0x00007ffbdfdc0000 - 0x00007ffbe0089000 	C:\WINDOWS\System32\KERNELBASE.dll
0x00007ffbe1d20000 - 0x00007ffbe1dcc000 	C:\WINDOWS\System32\ADVAPI32.dll
0x00007ffbe1dd0000 - 0x00007ffbe1e6e000 	C:\WINDOWS\System32\msvcrt.dll
0x00007ffbe1f70000 - 0x00007ffbe200c000 	C:\WINDOWS\System32\sechost.dll
0x00007ffbe2040000 - 0x00007ffbe216b000 	C:\WINDOWS\System32\RPCRT4.dll
0x00007ffbe1ab0000 - 0x00007ffbe1c50000 	C:\WINDOWS\System32\USER32.dll
0x00007ffbdfa30000 - 0x00007ffbdfa52000 	C:\WINDOWS\System32\win32u.dll
0x00007ffbe2010000 - 0x00007ffbe203a000 	C:\WINDOWS\System32\GDI32.dll
0x00007ffbe0190000 - 0x00007ffbe029b000 	C:\WINDOWS\System32\gdi32full.dll
0x00007ffbdfa60000 - 0x00007ffbdfafd000 	C:\WINDOWS\System32\msvcp_win.dll
0x00007ffbdfb00000 - 0x00007ffbdfc00000 	C:\WINDOWS\System32\ucrtbase.dll
0x00007ffbd1830000 - 0x00007ffbd1aca000 	C:\WINDOWS\WinSxS\amd64_microsoft.windows.common-controls_6595b64144ccf1df_6.0.19041.844_none_ca00b6081b84eb1d\COMCTL32.dll
0x00007ffbe1600000 - 0x00007ffbe1630000 	C:\WINDOWS\System32\IMM32.DLL
0x00000000745d0000 - 0x00000000745db000 	D:\360\360Safe\safemon\SafeWrapper.dll
0x0000000073f70000 - 0x0000000074042000 	C:\Program Files\Java\jdk1.8.0_151\jre\bin\msvcr100.dll
0x00000000733a0000 - 0x0000000073c3d000 	C:\Program Files\Java\jdk1.8.0_151\jre\bin\server\jvm.dll
0x00007ffbe1ed0000 - 0x00007ffbe1ed8000 	C:\WINDOWS\System32\PSAPI.DLL
0x00007ffbd9470000 - 0x00007ffbd9479000 	C:\WINDOWS\SYSTEM32\WSOCK32.dll
0x00007ffbd2170000 - 0x00007ffbd2197000 	C:\WINDOWS\SYSTEM32\WINMM.dll
0x00007ffbe1c50000 - 0x00007ffbe1cbb000 	C:\WINDOWS\System32\WS2_32.dll
0x00007ffbdf5c0000 - 0x00007ffbdf5ca000 	C:\WINDOWS\SYSTEM32\VERSION.dll
0x0000000073f60000 - 0x0000000073f6f000 	C:\Program Files\Java\jdk1.8.0_151\jre\bin\verify.dll
0x0000000073f30000 - 0x0000000073f59000 	C:\Program Files\Java\jdk1.8.0_151\jre\bin\java.dll
0x0000000073f10000 - 0x0000000073f26000 	C:\Program Files\Java\jdk1.8.0_151\jre\bin\zip.dll
0x00007ffbe0870000 - 0x00007ffbe0fb2000 	C:\WINDOWS\System32\SHELL32.dll
0x00007ffbdda40000 - 0x00007ffbde1d0000 	C:\WINDOWS\SYSTEM32\windows.storage.dll
0x00007ffbe1630000 - 0x00007ffbe1985000 	C:\WINDOWS\System32\combase.dll
0x00007ffbdf430000 - 0x00007ffbdf45c000 	C:\WINDOWS\SYSTEM32\Wldp.dll
0x00007ffbe07c0000 - 0x00007ffbe086e000 	C:\WINDOWS\System32\SHCORE.dll
0x00007ffbe1330000 - 0x00007ffbe1385000 	C:\WINDOWS\System32\shlwapi.dll
0x00007ffbdf970000 - 0x00007ffbdf98f000 	C:\WINDOWS\SYSTEM32\profapi.dll
0x0000000073ef0000 - 0x0000000073f0a000 	C:\Program Files\Java\jdk1.8.0_151\jre\bin\net.dll
0x00007ffbdf1b0000 - 0x00007ffbdf21a000 	C:\WINDOWS\system32\mswsock.dll
0x0000000073ed0000 - 0x0000000073ee1000 	C:\Program Files\Java\jdk1.8.0_151\jre\bin\nio.dll
0x00007ffbd9c50000 - 0x00007ffbd9c76000 	C:\Users\23224\.gradle\native\31\windows-amd64\native-platform.dll
0x0000000073ec0000 - 0x0000000073ecd000 	C:\Program Files\Java\jdk1.8.0_151\jre\bin\management.dll
0x00007ffbdf380000 - 0x00007ffbdf398000 	C:\WINDOWS\SYSTEM32\CRYPTSP.dll
0x00007ffbdeae0000 - 0x00007ffbdeb14000 	C:\WINDOWS\system32\rsaenh.dll
0x00007ffbe0320000 - 0x00007ffbe0347000 	C:\WINDOWS\System32\bcrypt.dll
0x00007ffbdf8f0000 - 0x00007ffbdf91e000 	C:\WINDOWS\SYSTEM32\USERENV.dll
0x00007ffbe02a0000 - 0x00007ffbe0320000 	C:\WINDOWS\System32\bcryptprimitives.dll
0x00007ffbdf3a0000 - 0x00007ffbdf3ac000 	C:\WINDOWS\SYSTEM32\CRYPTBASE.dll
0x00007ffbdee50000 - 0x00007ffbdee8b000 	C:\WINDOWS\SYSTEM32\IPHLPAPI.DLL
0x00007ffbe0fc0000 - 0x00007ffbe0fc8000 	C:\WINDOWS\System32\NSI.dll
0x00007ffbd3440000 - 0x00007ffbd3457000 	C:\WINDOWS\SYSTEM32\dhcpcsvc6.DLL
0x00007ffbd35a0000 - 0x00007ffbd35bd000 	C:\WINDOWS\SYSTEM32\dhcpcsvc.DLL
0x00007ffbdee90000 - 0x00007ffbdef5b000 	C:\WINDOWS\SYSTEM32\DNSAPI.dll
0x0000000073e90000 - 0x0000000073eb4000 	C:\Program Files\Java\jdk1.8.0_151\jre\bin\sunec.dll
0x00007ffbd85c0000 - 0x00007ffbd85ca000 	C:\Windows\System32\rasadhlp.dll
0x00007ffbd05b0000 - 0x00007ffbd062f000 	C:\WINDOWS\System32\fwpuclnt.dll
0x0000000073e80000 - 0x0000000073e8b000 	C:\Program Files\Java\jdk1.8.0_151\jre\bin\sunmscapi.dll
0x00007ffbdfc00000 - 0x00007ffbdfd5f000 	C:\WINDOWS\System32\CRYPT32.dll
0x00007ffbdd1d0000 - 0x00007ffbdd260000 	C:\WINDOWS\system32\apphelp.dll
0x00007ffbbeaf0000 - 0x00007ffbbeb0e000 	C:\Users\23224\AppData\Local\Temp\native-platform1232699292170969426dir\native-platform.dll

VM Arguments:
jvm_args: -Xmx1536m -Dfile.encoding=GBK -Duser.country=CN -Duser.language=zh -Duser.variant 
java_command: org.gradle.launcher.daemon.bootstrap.GradleDaemon 6.1.1
java_class_path (initial): C:\Users\23224\.gradle\wrapper\dists\gradle-6.1.1-all\cfmwm155h49vnt3hynmlrsdst\gradle-6.1.1\lib\gradle-launcher-6.1.1.jar
Launcher Type: SUN_STANDARD

Environment Variables:
JAVA_HOME=C:\Program Files\Java\jdk1.8.0_151
CLASSPATH=.;C:\Program Files\Java\jdk1.8.0_151\lib;C:\Program Files\Java\jdk1.8.0_151\lib\tools.jar
PATH=C:\Program Files\NVIDIA GPU Computing Toolkit\CUDA\v10.0\bin;C:\Program Files\NVIDIA GPU Computing Toolkit\CUDA\v10.0\libnvvp;C:\Program Files\NVIDIA GPU Computing Toolkit\CUDA\v10.0\extras\CUPTI\libx64;C:\Program Files\NVIDIA GPU Computing Toolkit\CUDA\v10.0\cudnn\bin;C:\Program Files (x86)\Common Files\Intel\Shared Libraries\redist\intel64_win\compiler;C:\Program Files (x86)\Common Files\Intel\Shared Libraries\redist\intel64\compiler;C:\ProgramData\Oracle\Java\javapath;C:\WINDOWS\system32;C:\WINDOWS;C:\WINDOWS\System32\Wbem;C:\WINDOWS\System32\WindowsPowerShell\v1.0\;C:\WINDOWS\System32\OpenSSH\;"C:\Program Files\Java\jdk1.8.0_151\bin;C:\Program Files\Java\jdk1.8.0_151\jre\bin";"C:\tomcat\apache-tomcat-8.5.38\lib;C:\tomcat\apache-tomcat-8.5.38\bin";D:\git\Git\cmd;C:\Program Files (x86)\NVIDIA Corporation\PhysX\Common;D:\matlab\runtime\win64;D:\matlab\bin;D:\matlab\polyspace\bin;C:\Program Files (x86)\GtkSharp\2.12\bin;C:\Program Files\dotnet\;C:\Program Files\Microsoft SQL Server\Client SDK\ODBC\170\Tools\Binn\;C:\WINDOWS\system32;C:\WINDOWS;C:\WINDOWS\System32\Wbem;C:\WINDOWS\System32\WindowsPowerShell\v1.0\;C:\WINDOWS\System32\OpenSSH\;D:\nodejs\;D:\MySQL\MySQL Server 8.0\bin;D:\visual_studio\VC\Tools\MSVC\14.24.28314\bin\Hostx64\x64;D:\visual_studio\VC\Tools\MSVC\14.24.28314\bin\Hostx64\x86;D:\visual_studio\VC\Tools\MSVC\14.24.28314\bin\Hostx86\x64;D:\visual_studio\VC\Tools\MSVC\14.24.28314\bin\Hostx86\x86;C:\Users\23224\AppData\Roaming\npm;D:\anaconda;D:\anaconda\Library\mingw-w64\bin;D:\anaconda\Library\usr\bin;D:\anaconda\Library\bin;D:\anaconda\Scripts;C:\Users\23224\AppData\Local\Microsoft\WindowsApps;D:\pycharm\PyCharm 2019.2.1\bin;;D:\MySQL\MySQL Shell 8.0\bin\;D:\MySQL\MySQL Server 8.0\bin;D:\visual_studio\VC\Tools\MSVC\14.24.28314\bin\Hostx64\x64;D:\visual_studio\VC\Tools\MSVC\14.24.28314\bin\Hostx64\x86;D:\visual_studio\VC\Tools\MSVC\14.24.28314\bin\Hostx86\x64;D:\visual_studio\VC\Tools\MSVC\14.24.28314\bin\Hostx86\x86;;D:\fiddler
USERNAME=23224
OS=Windows_NT
PROCESSOR_IDENTIFIER=Intel64 Family 6 Model 158 Stepping 9, GenuineIntel



---------------  S Y S T E M  ---------------

OS: Windows 10.0 , 64 bit Build 19041 (10.0.19041.804)

CPU:total 4 (initial active 4) (4 cores per cpu, 1 threads per core) family 6 model 158 stepping 9, cmov, cx8, fxsr, mmx, sse, sse2, sse3, ssse3, sse4.1, sse4.2, popcnt, avx, avx2, aes, clmul, erms, 3dnowpref, lzcnt, tsc, tscinvbit, bmi1, bmi2, adx

Memory: 4k page, physical 16649380k(130512k free), swap 28522216k(3276k free)

vm_info: Java HotSpot(TM) 64-Bit Server VM (25.151-b12) for windows-amd64 JRE (1.8.0_151-b12), built on Sep  5 2017 19:33:46 by "java_re" with MS VC++ 10.0 (VS2010)

time: Thu Mar 31 16:19:55 2022
elapsed time: 46 seconds (0d 0h 0m 46s)

